/home/hyn/anaconda3/envs/py2/lib/python2.7/site-packages/scipy/linalg/basic.py:17: RuntimeWarning: numpy.dtype size changed, may indicate binary incompatibility. Expected 96, got 88
  from ._solve_toeplitz import levinson
/home/hyn/anaconda3/envs/py2/lib/python2.7/site-packages/scipy/linalg/__init__.py:207: RuntimeWarning: numpy.dtype size changed, may indicate binary incompatibility. Expected 96, got 88
  from ._decomp_update import *
/home/hyn/anaconda3/envs/py2/lib/python2.7/site-packages/scipy/special/__init__.py:640: RuntimeWarning: numpy.dtype size changed, may indicate binary incompatibility. Expected 96, got 88
  from ._ufuncs import *
/home/hyn/anaconda3/envs/py2/lib/python2.7/site-packages/scipy/special/_ellip_harm.py:7: RuntimeWarning: numpy.dtype size changed, may indicate binary incompatibility. Expected 96, got 88
  from ._ellip_harm_2 import _ellipsoid, _ellipsoid_norm
/home/hyn/anaconda3/envs/py2/lib/python2.7/site-packages/scipy/interpolate/_bsplines.py:10: RuntimeWarning: numpy.dtype size changed, may indicate binary incompatibility. Expected 96, got 88
  from . import _bspl
/home/hyn/anaconda3/envs/py2/lib/python2.7/site-packages/scipy/sparse/lil.py:19: RuntimeWarning: numpy.dtype size changed, may indicate binary incompatibility. Expected 96, got 88
  from . import _csparsetools
/home/hyn/anaconda3/envs/py2/lib/python2.7/site-packages/scipy/sparse/csgraph/__init__.py:165: RuntimeWarning: numpy.dtype size changed, may indicate binary incompatibility. Expected 96, got 88
  from ._shortest_path import shortest_path, floyd_warshall, dijkstra,\
/home/hyn/anaconda3/envs/py2/lib/python2.7/site-packages/scipy/sparse/csgraph/_validation.py:5: RuntimeWarning: numpy.dtype size changed, may indicate binary incompatibility. Expected 96, got 88
  from ._tools import csgraph_to_dense, csgraph_from_dense,\
/home/hyn/anaconda3/envs/py2/lib/python2.7/site-packages/scipy/sparse/csgraph/__init__.py:167: RuntimeWarning: numpy.dtype size changed, may indicate binary incompatibility. Expected 96, got 88
  from ._traversal import breadth_first_order, depth_first_order, \
/home/hyn/anaconda3/envs/py2/lib/python2.7/site-packages/scipy/sparse/csgraph/__init__.py:169: RuntimeWarning: numpy.dtype size changed, may indicate binary incompatibility. Expected 96, got 88
  from ._min_spanning_tree import minimum_spanning_tree
/home/hyn/anaconda3/envs/py2/lib/python2.7/site-packages/scipy/sparse/csgraph/__init__.py:170: RuntimeWarning: numpy.dtype size changed, may indicate binary incompatibility. Expected 96, got 88
  from ._reordering import reverse_cuthill_mckee, maximum_bipartite_matching, \
/home/hyn/anaconda3/envs/py2/lib/python2.7/site-packages/scipy/spatial/__init__.py:95: RuntimeWarning: numpy.dtype size changed, may indicate binary incompatibility. Expected 96, got 88
  from .ckdtree import *
/home/hyn/anaconda3/envs/py2/lib/python2.7/site-packages/scipy/spatial/__init__.py:96: RuntimeWarning: numpy.dtype size changed, may indicate binary incompatibility. Expected 96, got 88
  from .qhull import *
/home/hyn/anaconda3/envs/py2/lib/python2.7/site-packages/scipy/spatial/_spherical_voronoi.py:18: RuntimeWarning: numpy.dtype size changed, may indicate binary incompatibility. Expected 96, got 88
  from . import _voronoi
/home/hyn/anaconda3/envs/py2/lib/python2.7/site-packages/scipy/spatial/distance.py:122: RuntimeWarning: numpy.dtype size changed, may indicate binary incompatibility. Expected 96, got 88
  from . import _hausdorff
/home/hyn/anaconda3/envs/py2/lib/python2.7/site-packages/h5py/__init__.py:36: RuntimeWarning: numpy.dtype size changed, may indicate binary incompatibility. Expected 96, got 88
  from ._conv import register_converters as _register_converters
/home/hyn/anaconda3/envs/py2/lib/python2.7/site-packages/h5py/__init__.py:45: RuntimeWarning: numpy.dtype size changed, may indicate binary incompatibility. Expected 96, got 88
  from . import h5a, h5d, h5ds, h5f, h5fd, h5g, h5r, h5s, h5t, h5p, h5z
/home/hyn/anaconda3/envs/py2/lib/python2.7/site-packages/h5py/_hl/group.py:22: RuntimeWarning: numpy.dtype size changed, may indicate binary incompatibility. Expected 96, got 88
  from .. import h5g, h5i, h5o, h5r, h5t, h5l, h5p
/home/hyn/anaconda3/envs/py2/lib/python2.7/site-packages/scipy/ndimage/measurements.py:36: RuntimeWarning: numpy.dtype size changed, may indicate binary incompatibility. Expected 96, got 88
  from . import _ni_label
/home/hyn/anaconda3/envs/py2/lib/python2.7/site-packages/sklearn/utils/__init__.py:9: RuntimeWarning: numpy.dtype size changed, may indicate binary incompatibility. Expected 96, got 88
  from .murmurhash import murmurhash3_32
/home/hyn/anaconda3/envs/py2/lib/python2.7/site-packages/scipy/optimize/_trlib/__init__.py:1: RuntimeWarning: numpy.dtype size changed, may indicate binary incompatibility. Expected 96, got 88
  from ._trlib import TRLIBQuadraticSubproblem
/home/hyn/anaconda3/envs/py2/lib/python2.7/site-packages/scipy/optimize/_numdiff.py:10: RuntimeWarning: numpy.dtype size changed, may indicate binary incompatibility. Expected 96, got 88
  from ._group_columns import group_dense, group_sparse
/home/hyn/anaconda3/envs/py2/lib/python2.7/site-packages/scipy/stats/_continuous_distns.py:18: RuntimeWarning: numpy.dtype size changed, may indicate binary incompatibility. Expected 96, got 88
  from . import _stats
/home/hyn/anaconda3/envs/py2/lib/python2.7/site-packages/sklearn/utils/extmath.py:24: RuntimeWarning: numpy.dtype size changed, may indicate binary incompatibility. Expected 96, got 88
  from ._logistic_sigmoid import _log_logistic_sigmoid
/home/hyn/anaconda3/envs/py2/lib/python2.7/site-packages/sklearn/utils/extmath.py:26: RuntimeWarning: numpy.dtype size changed, may indicate binary incompatibility. Expected 96, got 88
  from .sparsefuncs_fast import csr_row_norms
/home/hyn/anaconda3/envs/py2/lib/python2.7/site-packages/sklearn/metrics/cluster/supervised.py:23: RuntimeWarning: numpy.dtype size changed, may indicate binary incompatibility. Expected 96, got 88
  from .expected_mutual_info_fast import expected_mutual_information
/home/hyn/anaconda3/envs/py2/lib/python2.7/site-packages/sklearn/metrics/pairwise.py:30: RuntimeWarning: numpy.dtype size changed, may indicate binary incompatibility. Expected 96, got 88
  from .pairwise_fast import _chi2_kernel_fast, _sparse_manhattan
/home/hyn/anaconda3/envs/py2/lib/python2.7/site-packages/sklearn/utils/random.py:10: RuntimeWarning: numpy.dtype size changed, may indicate binary incompatibility. Expected 96, got 88
  from ._random import sample_without_replacement
/home/hyn/anaconda3/envs/py2/lib/python2.7/site-packages/sklearn/svm/base.py:8: RuntimeWarning: numpy.dtype size changed, may indicate binary incompatibility. Expected 96, got 88
  from . import libsvm, liblinear
/home/hyn/anaconda3/envs/py2/lib/python2.7/site-packages/sklearn/svm/base.py:9: RuntimeWarning: numpy.dtype size changed, may indicate binary incompatibility. Expected 96, got 88
  from . import libsvm_sparse
/home/hyn/anaconda3/envs/py2/lib/python2.7/site-packages/sklearn/linear_model/base.py:35: RuntimeWarning: numpy.dtype size changed, may indicate binary incompatibility. Expected 96, got 88
  from ..utils.seq_dataset import ArrayDataset, CSRDataset
/home/hyn/anaconda3/envs/py2/lib/python2.7/site-packages/sklearn/linear_model/least_angle.py:23: RuntimeWarning: numpy.dtype size changed, may indicate binary incompatibility. Expected 96, got 88
  from ..utils import arrayfuncs, as_float_array, check_X_y, deprecated
/home/hyn/anaconda3/envs/py2/lib/python2.7/site-packages/sklearn/linear_model/coordinate_descent.py:29: RuntimeWarning: numpy.dtype size changed, may indicate binary incompatibility. Expected 96, got 88
  from . import cd_fast
/home/hyn/anaconda3/envs/py2/lib/python2.7/site-packages/sklearn/linear_model/__init__.py:22: RuntimeWarning: numpy.dtype size changed, may indicate binary incompatibility. Expected 96, got 88
  from .sgd_fast import Hinge, Log, ModifiedHuber, SquaredLoss, Huber
/home/hyn/anaconda3/envs/py2/lib/python2.7/site-packages/sklearn/linear_model/sag.py:12: RuntimeWarning: numpy.dtype size changed, may indicate binary incompatibility. Expected 96, got 88
  from .sag_fast import sag
/home/hyn/anaconda3/envs/py2/lib/python2.7/site-packages/sklearn/neighbors/__init__.py:6: RuntimeWarning: numpy.dtype size changed, may indicate binary incompatibility. Expected 96, got 88
  from .ball_tree import BallTree
/home/hyn/anaconda3/envs/py2/lib/python2.7/site-packages/sklearn/neighbors/__init__.py:7: RuntimeWarning: numpy.dtype size changed, may indicate binary incompatibility. Expected 96, got 88
  from .kd_tree import KDTree
/home/hyn/anaconda3/envs/py2/lib/python2.7/site-packages/sklearn/decomposition/online_lda.py:28: RuntimeWarning: numpy.dtype size changed, may indicate binary incompatibility. Expected 96, got 88
  from ._online_lda import (mean_change, _dirichlet_expectation_1d,
/home/hyn/anaconda3/envs/py2/lib/python2.7/site-packages/scipy/signal/_max_len_seq.py:8: RuntimeWarning: numpy.dtype size changed, may indicate binary incompatibility. Expected 96, got 88
  from ._max_len_seq_inner import _max_len_seq_inner
/home/hyn/anaconda3/envs/py2/lib/python2.7/site-packages/scipy/signal/_upfirdn.py:36: RuntimeWarning: numpy.dtype size changed, may indicate binary incompatibility. Expected 96, got 88
  from ._upfirdn_apply import _output_len, _apply
/home/hyn/anaconda3/envs/py2/lib/python2.7/site-packages/scipy/signal/spectral.py:10: RuntimeWarning: numpy.dtype size changed, may indicate binary incompatibility. Expected 96, got 88
  from ._spectral import _lombscargle
/home/hyn/anaconda3/envs/py2/lib/python2.7/site-packages/scipy/signal/_peak_finding.py:13: RuntimeWarning: numpy.dtype size changed, may indicate binary incompatibility. Expected 96, got 88
  from ._peak_finding_utils import (_argmaxima1d, _select_by_peak_distance,
WARNING:tensorflow:From insightface/src/align/detect_face.py:210: calling reduce_max (from tensorflow.python.ops.math_ops) with keep_dims is deprecated and will be removed in a future version.
Instructions for updating:
keep_dims is deprecated, use keepdims instead
WARNING:tensorflow:From insightface/src/align/detect_face.py:212: calling reduce_sum (from tensorflow.python.ops.math_ops) with keep_dims is deprecated and will be removed in a future version.
Instructions for updating:
keep_dims is deprecated, use keepdims instead
loading mtcnn...
done.
loading model...
loading insightface/models/model-r34-amf/model 0
[20:41:15] src/nnvm/legacy_json_util.cc:209: Loading symbol saved by previous version v0.12.1. Attempting to upgrade...
[20:41:15] src/nnvm/legacy_json_util.cc:217: Symbol successfully upgraded!
loading insightface/models/model-r34-amf/model 0
[20:41:16] src/nnvm/legacy_json_util.cc:209: Loading symbol saved by previous version v0.12.1. Attempting to upgrade...
[20:41:16] src/nnvm/legacy_json_util.cc:217: Symbol successfully upgraded!
[20:41:16] src/nnvm/legacy_json_util.cc:209: Loading symbol saved by previous version v0.8.0. Attempting to upgrade...
[20:41:16] src/nnvm/legacy_json_util.cc:217: Symbol successfully upgraded!
/home/hyn/anaconda3/envs/py2/lib/python2.7/site-packages/mxnet/model.py:928: DeprecationWarning: [91mmxnet.model.FeedForward has been deprecated. Please use mxnet.mod.Module instead.[0m
  **kwargs)
[20:41:16] src/nnvm/legacy_json_util.cc:209: Loading symbol saved by previous version v0.8.0. Attempting to upgrade...
[20:41:16] src/nnvm/legacy_json_util.cc:217: Symbol successfully upgraded!
[20:41:16] src/nnvm/legacy_json_util.cc:209: Loading symbol saved by previous version v0.8.0. Attempting to upgrade...
[20:41:16] src/nnvm/legacy_json_util.cc:217: Symbol successfully upgraded!
[20:41:16] src/nnvm/legacy_json_util.cc:209: Loading symbol saved by previous version v0.8.0. Attempting to upgrade...
[20:41:16] src/nnvm/legacy_json_util.cc:217: Symbol successfully upgraded!
main.py:63: DeprecationWarning: `imread` is deprecated!
`imread` is deprecated in SciPy 1.0.0, and will be removed in 1.2.0.
Use ``imageio.imread`` instead.
  img1 = misc.imread(request['face'][0], mode='RGB')
/home/hyn/anaconda3/envs/py2/lib/python2.7/site-packages/scipy/misc/pilutil.py:165: DeprecationWarning: `fromimage` is deprecated!
`fromimage` is deprecated in SciPy 1.0.0. and will be removed in 1.2.0.
Use ``np.asarray(im)`` instead.
  return fromimage(im, flatten=flatten, mode=mode)
main.py:64: DeprecationWarning: `imread` is deprecated!
`imread` is deprecated in SciPy 1.0.0, and will be removed in 1.2.0.
Use ``imageio.imread`` instead.
  img2 = misc.imread(request['face'][1], mode='RGB')
192.168.0.111 - - [11/Aug/2018 20:41:58] "POST / HTTP/1.1" 200 -
192.168.0.111 - - [11/Aug/2018 20:42:02] "POST / HTTP/1.1" 200 -
192.168.0.111 - - [11/Aug/2018 20:42:05] "POST / HTTP/1.1" 200 -
192.168.0.111 - - [11/Aug/2018 20:45:57] "POST / HTTP/1.1" 200 -
192.168.0.111 - - [11/Aug/2018 20:51:49] "POST / HTTP/1.1" 200 -
192.168.0.111 - - [11/Aug/2018 20:51:54] "POST / HTTP/1.1" 200 -
192.168.0.111 - - [11/Aug/2018 20:51:57] "POST / HTTP/1.1" 200 -
192.168.0.111 - - [11/Aug/2018 20:53:03] "POST / HTTP/1.1" 200 -
192.168.0.111 - - [11/Aug/2018 20:53:09] "POST / HTTP/1.1" 200 -
192.168.0.111 - - [11/Aug/2018 20:53:12] "POST / HTTP/1.1" 200 -
192.168.0.111 - - [11/Aug/2018 20:53:15] "POST / HTTP/1.1" 200 -
192.168.0.111 - - [11/Aug/2018 20:53:18] "POST / HTTP/1.1" 200 -
192.168.0.111 - - [11/Aug/2018 20:56:50] "POST / HTTP/1.1" 200 -
192.168.0.111 - - [11/Aug/2018 20:57:39] "POST / HTTP/1.1" 200 -
192.168.0.111 - - [11/Aug/2018 20:57:42] "POST / HTTP/1.1" 200 -
192.168.0.111 - - [11/Aug/2018 20:57:45] "POST / HTTP/1.1" 200 -
192.168.0.111 - - [11/Aug/2018 20:57:47] "POST / HTTP/1.1" 200 -
192.168.0.111 - - [11/Aug/2018 20:57:50] "POST / HTTP/1.1" 200 -
192.168.0.111 - - [11/Aug/2018 20:57:53] "POST / HTTP/1.1" 200 -
192.168.0.111 - - [11/Aug/2018 20:57:56] "POST / HTTP/1.1" 200 -
192.168.0.111 - - [11/Aug/2018 20:57:59] "POST / HTTP/1.1" 200 -
192.168.0.111 - - [11/Aug/2018 20:58:01] "POST / HTTP/1.1" 200 -
192.168.0.111 - - [11/Aug/2018 20:59:56] "POST / HTTP/1.1" 200 -
192.168.0.111 - - [11/Aug/2018 20:59:59] "POST / HTTP/1.1" 200 -
192.168.0.111 - - [11/Aug/2018 21:00:05] "POST / HTTP/1.1" 200 -
192.168.0.111 - - [11/Aug/2018 21:08:43] "POST / HTTP/1.1" 200 -
192.168.0.111 - - [11/Aug/2018 21:08:47] "POST / HTTP/1.1" 200 -
192.168.0.111 - - [11/Aug/2018 21:21:17] "POST / HTTP/1.1" 200 -
